{
  "stats": {
    "suites": 2,
    "tests": 10,
    "passes": 10,
    "pending": 0,
    "failures": 0,
    "start": "2021-02-01T08:43:23.296Z",
    "end": "2021-02-01T08:43:23.945Z",
    "duration": 649,
    "testsRegistered": 10,
    "passPercent": 100,
    "pendingPercent": 0,
    "other": 0,
    "hasOther": false,
    "skipped": 0,
    "hasSkipped": false
  },
  "results": [
    {
      "uuid": "4200700b-ee69-4198-bf68-0732c8e8ab7c",
      "title": "",
      "fullFile": "",
      "file": "",
      "beforeHooks": [],
      "afterHooks": [],
      "tests": [],
      "suites": [
        {
          "uuid": "2d1e6f58-c6a5-4515-8926-6ed890cc08de",
          "title": "Login API",
          "fullFile": "C:\\Users\\Ken\\Projects\\reimbursement-system\\reimbursement-system\\server\\login\\test\\loginTest.js",
          "file": "\\test\\loginTest.js",
          "beforeHooks": [],
          "afterHooks": [],
          "tests": [],
          "suites": [
            {
              "uuid": "0f2f0bcc-ede7-435e-8fbc-469bf7a95c71",
              "title": "POST /api/v1/login",
              "fullFile": "C:\\Users\\Ken\\Projects\\reimbursement-system\\reimbursement-system\\server\\login\\test\\loginTest.js",
              "file": "\\test\\loginTest.js",
              "beforeHooks": [],
              "afterHooks": [],
              "tests": [
                {
                  "title": "It should POST login credentials using id",
                  "fullTitle": "Login API POST /api/v1/login It should POST login credentials using id",
                  "timedOut": false,
                  "duration": 169,
                  "state": "passed",
                  "speed": "slow",
                  "pass": true,
                  "fail": false,
                  "pending": false,
                  "context": null,
                  "code": "const user = {\n\tusername: '090219-1173',\n\tpassword: 'kenken',\n};\nchai.request(loginServer)\n\t.post('/api/v1/login')\n\t.send(user)\n\t.end((err, res) => {\n\t\tconst loginMsg = 'Logged in successfully.';\n\t\tres.should.have.status(200);\n\t\tres.body.success.should.be.eql(1);\n\t\tres.body.message.should.be.eql(loginMsg);\n\t\tres.body.jwt.should.have.property('token');\n\t\tres.body.jwt.expiryNum.should.be.eql(8);\n\t\tres.body.jwt.datetimeType.should.be.eql('h');\n\t\tres.body.jwt.auth.should.be.a('number');\n\t\tdone();\n\t});",
                  "err": {},
                  "uuid": "d5ef4566-86b0-4251-87da-69e46d8ff346",
                  "parentUUID": "0f2f0bcc-ede7-435e-8fbc-469bf7a95c71",
                  "isHook": false,
                  "skipped": false
                },
                {
                  "title": "It should POST login credentials using email",
                  "fullTitle": "Login API POST /api/v1/login It should POST login credentials using email",
                  "timedOut": false,
                  "duration": 87,
                  "state": "passed",
                  "speed": "slow",
                  "pass": true,
                  "fail": false,
                  "pending": false,
                  "context": null,
                  "code": "const user = {\n\tusername: 'kenneth.karamihan@awsys-i.com',\n\tpassword: 'kenken',\n};\nchai.request(loginServer)\n\t.post('/api/v1/login')\n\t.send(user)\n\t.end((err, res) => {\n\t\tconst loginMsg = 'Logged in successfully.';\n\t\tres.should.have.status(200);\n\t\tres.body.success.should.be.eql(1);\n\t\tres.body.message.should.be.eql(loginMsg);\n\t\tres.body.jwt.should.have.property('token');\n\t\tres.body.jwt.expiryNum.should.be.eql(8);\n\t\tres.body.jwt.datetimeType.should.be.eql('h');\n\t\tres.body.jwt.auth.should.be.a('number');\n\t\tdone();\n\t});",
                  "err": {},
                  "uuid": "da8fa601-eaec-47f6-bfbc-8c231a8a4ffd",
                  "parentUUID": "0f2f0bcc-ede7-435e-8fbc-469bf7a95c71",
                  "isHook": false,
                  "skipped": false
                },
                {
                  "title": "It should POST login credentials using username",
                  "fullTitle": "Login API POST /api/v1/login It should POST login credentials using username",
                  "timedOut": false,
                  "duration": 84,
                  "state": "passed",
                  "speed": "slow",
                  "pass": true,
                  "fail": false,
                  "pending": false,
                  "context": null,
                  "code": "const user = {\n\tusername: 'kenken',\n\tpassword: 'kenken',\n};\nchai.request(loginServer)\n\t.post('/api/v1/login')\n\t.send(user)\n\t.end((err, res) => {\n\t\tconst loginMsg = 'Logged in successfully.';\n\t\tres.should.have.status(200);\n\t\tres.body.success.should.be.eql(1);\n\t\tres.body.message.should.be.eql(loginMsg);\n\t\tres.body.jwt.should.have.property('token');\n\t\tres.body.jwt.expiryNum.should.be.eql(8);\n\t\tres.body.jwt.datetimeType.should.be.eql('h');\n\t\tres.body.jwt.auth.should.be.a('number');\n\t\tdone();\n\t});",
                  "err": {},
                  "uuid": "b3a65b23-bc21-48a1-b1aa-7e87568f131f",
                  "parentUUID": "0f2f0bcc-ede7-435e-8fbc-469bf7a95c71",
                  "isHook": false,
                  "skipped": false
                },
                {
                  "title": "It should NOT POST login credentials using id with incorrect format",
                  "fullTitle": "Login API POST /api/v1/login It should NOT POST login credentials using id with incorrect format",
                  "timedOut": false,
                  "duration": 6,
                  "state": "passed",
                  "speed": "fast",
                  "pass": true,
                  "fail": false,
                  "pending": false,
                  "context": null,
                  "code": "const user = {\n\tusername: '123456-78901',\n\tpassword: 'kenken',\n};\nchai.request(loginServer)\n\t.post('/api/v1/login')\n\t.send(user)\n\t.end((err, res) => {\n\t\tconst checkObj = {\n\t\t\tsuccess: 0,\n\t\t\tmessage: 'Login failed.',\n\t\t\tjwt: {\n\t\t\t\terror_message: 'No user with that id/username/email.',\n\t\t\t},\n\t\t};\n\t\tres.should.have.status(401);\n\t\tres.body.should.be.eql(checkObj);\n\t\tdone();\n\t});",
                  "err": {},
                  "uuid": "1c3e7d98-b34c-4e09-a565-961c6ef906b0",
                  "parentUUID": "0f2f0bcc-ede7-435e-8fbc-469bf7a95c71",
                  "isHook": false,
                  "skipped": false
                },
                {
                  "title": "It should NOT POST login credentials using non-existing id",
                  "fullTitle": "Login API POST /api/v1/login It should NOT POST login credentials using non-existing id",
                  "timedOut": false,
                  "duration": 5,
                  "state": "passed",
                  "speed": "fast",
                  "pass": true,
                  "fail": false,
                  "pending": false,
                  "context": null,
                  "code": "const user = {\n\tusername: '123199-9999',\n\tpassword: 'kenken',\n};\nchai.request(loginServer)\n\t.post('/api/v1/login')\n\t.send(user)\n\t.end((err, res) => {\n\t\tconst checkObj = {\n\t\t\tsuccess: 0,\n\t\t\tmessage: 'Login failed.',\n\t\t\tjwt: {\n\t\t\t\terror_message: 'No user with that id/username/email.',\n\t\t\t},\n\t\t};\n\t\tres.should.have.status(401);\n\t\tres.body.should.be.eql(checkObj);\n\t\tdone();\n\t});",
                  "err": {},
                  "uuid": "ff626b84-c529-4215-9088-ad6d5ff4c1df",
                  "parentUUID": "0f2f0bcc-ede7-435e-8fbc-469bf7a95c71",
                  "isHook": false,
                  "skipped": false
                },
                {
                  "title": "It should NOT POST login credentials using non-existing email",
                  "fullTitle": "Login API POST /api/v1/login It should NOT POST login credentials using non-existing email",
                  "timedOut": false,
                  "duration": 5,
                  "state": "passed",
                  "speed": "fast",
                  "pass": true,
                  "fail": false,
                  "pending": false,
                  "context": null,
                  "code": "const user = {\n\tusername: 'aoka@gmail.com',\n\tpassword: 'kenken',\n};\nchai.request(loginServer)\n\t.post('/api/v1/login')\n\t.send(user)\n\t.end((err, res) => {\n\t\tconst checkObj = {\n\t\t\tsuccess: 0,\n\t\t\tmessage: 'Login failed.',\n\t\t\tjwt: {\n\t\t\t\terror_message: 'No user with that id/username/email.',\n\t\t\t},\n\t\t};\n\t\tres.should.have.status(401);\n\t\tres.body.should.be.eql(checkObj);\n\t\tdone();\n\t});",
                  "err": {},
                  "uuid": "37844e59-99fd-44a7-89be-5a7e125388a6",
                  "parentUUID": "0f2f0bcc-ede7-435e-8fbc-469bf7a95c71",
                  "isHook": false,
                  "skipped": false
                },
                {
                  "title": "It should NOT POST login credentials using non-existing username",
                  "fullTitle": "Login API POST /api/v1/login It should NOT POST login credentials using non-existing username",
                  "timedOut": false,
                  "duration": 5,
                  "state": "passed",
                  "speed": "fast",
                  "pass": true,
                  "fail": false,
                  "pending": false,
                  "context": null,
                  "code": "const user = {\n\tusername: 'tototot',\n\tpassword: 'kenken',\n};\nchai.request(loginServer)\n\t.post('/api/v1/login')\n\t.send(user)\n\t.end((err, res) => {\n\t\tconst checkObj = {\n\t\t\tsuccess: 0,\n\t\t\tmessage: 'Login failed.',\n\t\t\tjwt: {\n\t\t\t\terror_message: 'No user with that id/username/email.',\n\t\t\t},\n\t\t};\n\t\tres.should.have.status(401);\n\t\tres.body.should.be.eql(checkObj);\n\t\tdone();\n\t});",
                  "err": {},
                  "uuid": "47ef5dd9-932d-4e90-9bd8-b472f84a8482",
                  "parentUUID": "0f2f0bcc-ede7-435e-8fbc-469bf7a95c71",
                  "isHook": false,
                  "skipped": false
                },
                {
                  "title": "It should NOT POST login credentials using id with incorrect password",
                  "fullTitle": "Login API POST /api/v1/login It should NOT POST login credentials using id with incorrect password",
                  "timedOut": false,
                  "duration": 83,
                  "state": "passed",
                  "speed": "slow",
                  "pass": true,
                  "fail": false,
                  "pending": false,
                  "context": null,
                  "code": "const user = {\n\tusername: '090219-1173',\n\tpassword: 'incorrect',\n};\nchai.request(loginServer)\n\t.post('/api/v1/login')\n\t.send(user)\n\t.end((err, res) => {\n\t\tconst checkObj = {\n\t\t\tsuccess: 0,\n\t\t\tmessage: 'Login failed.',\n\t\t\tjwt: {\n\t\t\t\terror_message: 'Password incorrect.',\n\t\t\t},\n\t\t};\n\t\tres.should.have.status(401);\n\t\tres.body.should.be.eql(checkObj);\n\t\tdone();\n\t});",
                  "err": {},
                  "uuid": "1b23b7b3-cdfb-45d5-9737-af3731ed0ff9",
                  "parentUUID": "0f2f0bcc-ede7-435e-8fbc-469bf7a95c71",
                  "isHook": false,
                  "skipped": false
                },
                {
                  "title": "It should NOT POST login credentials using email with incorrect password",
                  "fullTitle": "Login API POST /api/v1/login It should NOT POST login credentials using email with incorrect password",
                  "timedOut": false,
                  "duration": 84,
                  "state": "passed",
                  "speed": "slow",
                  "pass": true,
                  "fail": false,
                  "pending": false,
                  "context": null,
                  "code": "const user = {\n\tusername: 'kenneth.karamihan@awsys-i.com',\n\tpassword: 'incorrect',\n};\nchai.request(loginServer)\n\t.post('/api/v1/login')\n\t.send(user)\n\t.end((err, res) => {\n\t\tconst checkObj = {\n\t\t\tsuccess: 0,\n\t\t\tmessage: 'Login failed.',\n\t\t\tjwt: {\n\t\t\t\terror_message: 'Password incorrect.',\n\t\t\t},\n\t\t};\n\t\tres.should.have.status(401);\n\t\tres.body.should.be.eql(checkObj);\n\t\tdone();\n\t});",
                  "err": {},
                  "uuid": "93601fc9-714c-41b4-91b0-61b8c44b9212",
                  "parentUUID": "0f2f0bcc-ede7-435e-8fbc-469bf7a95c71",
                  "isHook": false,
                  "skipped": false
                },
                {
                  "title": "It should NOT POST login credentials using username with incorrect password",
                  "fullTitle": "Login API POST /api/v1/login It should NOT POST login credentials using username with incorrect password",
                  "timedOut": false,
                  "duration": 83,
                  "state": "passed",
                  "speed": "slow",
                  "pass": true,
                  "fail": false,
                  "pending": false,
                  "context": null,
                  "code": "const user = {\n\tusername: 'kenken',\n\tpassword: 'incorrect',\n};\nchai.request(loginServer)\n\t.post('/api/v1/login')\n\t.send(user)\n\t.end((err, res) => {\n\t\tconst checkObj = {\n\t\t\tsuccess: 0,\n\t\t\tmessage: 'Login failed.',\n\t\t\tjwt: {\n\t\t\t\terror_message: 'Password incorrect.',\n\t\t\t},\n\t\t};\n\t\tres.should.have.status(401);\n\t\tres.body.should.be.eql(checkObj);\n\t\tdone();\n\t});",
                  "err": {},
                  "uuid": "6ee2b8e2-e45f-4e14-8e31-ab3cbaec5c74",
                  "parentUUID": "0f2f0bcc-ede7-435e-8fbc-469bf7a95c71",
                  "isHook": false,
                  "skipped": false
                }
              ],
              "suites": [],
              "passes": [
                "d5ef4566-86b0-4251-87da-69e46d8ff346",
                "da8fa601-eaec-47f6-bfbc-8c231a8a4ffd",
                "b3a65b23-bc21-48a1-b1aa-7e87568f131f",
                "1c3e7d98-b34c-4e09-a565-961c6ef906b0",
                "ff626b84-c529-4215-9088-ad6d5ff4c1df",
                "37844e59-99fd-44a7-89be-5a7e125388a6",
                "47ef5dd9-932d-4e90-9bd8-b472f84a8482",
                "1b23b7b3-cdfb-45d5-9737-af3731ed0ff9",
                "93601fc9-714c-41b4-91b0-61b8c44b9212",
                "6ee2b8e2-e45f-4e14-8e31-ab3cbaec5c74"
              ],
              "failures": [],
              "pending": [],
              "skipped": [],
              "duration": 611,
              "root": false,
              "rootEmpty": false,
              "_timeout": 2000
            }
          ],
          "passes": [],
          "failures": [],
          "pending": [],
          "skipped": [],
          "duration": 0,
          "root": false,
          "rootEmpty": false,
          "_timeout": 2000
        }
      ],
      "passes": [],
      "failures": [],
      "pending": [],
      "skipped": [],
      "duration": 0,
      "root": true,
      "rootEmpty": true,
      "_timeout": 2000
    }
  ],
  "meta": {
    "mocha": {
      "version": "8.2.0"
    },
    "mochawesome": {
      "options": {
        "quiet": false,
        "reportFilename": "mochawesome",
        "saveHtml": true,
        "saveJson": true,
        "consoleReporter": "spec",
        "useInlineDiffs": false,
        "code": true
      },
      "version": "6.2.1"
    },
    "marge": {
      "options": null,
      "version": "5.1.0"
    }
  }
}