TN:
SF:app.js
FN:21,(anonymous_0)
FN:37,(anonymous_1)
FNF:2
FNH:2
FNDA:16,(anonymous_0)
FNDA:1,(anonymous_1)
DA:1,1
DA:4,1
DA:7,1
DA:8,1
DA:11,1
DA:12,1
DA:13,1
DA:16,1
DA:17,1
DA:18,1
DA:21,1
DA:22,16
DA:25,1
DA:29,1
DA:30,1
DA:31,1
DA:32,1
DA:33,1
DA:35,1
DA:37,1
DA:38,1
DA:41,1
LF:22
LH:22
BRDA:4,0,0,1
BRDA:4,0,1,1
BRF:2
BRH:2
end_of_record
TN:
SF:multer-config.js
FN:5,(anonymous_0)
FN:15,(anonymous_1)
FNF:2
FNH:2
FNDA:4,(anonymous_0)
FNDA:4,(anonymous_1)
DA:1,1
DA:2,1
DA:3,1
DA:5,1
DA:6,4
DA:7,4
DA:9,0
DA:13,1
DA:16,4
DA:20,1
DA:25,1
LF:11
LH:10
BRDA:6,0,0,4
BRDA:6,0,1,0
BRF:2
BRH:1
end_of_record
TN:
SF:passport-config.js
FN:7,(anonymous_0)
FN:11,(anonymous_1)
FN:20,(anonymous_2)
FNF:3
FNH:3
FNDA:8,(anonymous_0)
FNDA:1,(anonymous_1)
FNDA:16,(anonymous_2)
DA:1,1
DA:2,1
DA:4,1
DA:5,1
DA:7,1
DA:8,8
DA:11,1
DA:12,1
DA:18,1
DA:21,16
DA:22,16
DA:23,16
DA:24,16
DA:25,16
DA:27,0
LF:15
LH:14
BRF:0
BRH:0
end_of_record
TN:
SF:controllers\reimbursement.controller.js
FN:16,(anonymous_0)
FN:45,(anonymous_1)
FN:77,(anonymous_2)
FN:106,(anonymous_3)
FN:168,(anonymous_4)
FN:262,(anonymous_5)
FN:280,(anonymous_6)
FN:299,(anonymous_7)
FNF:8
FNH:8
FNDA:2,(anonymous_0)
FNDA:2,(anonymous_1)
FNDA:2,(anonymous_2)
FNDA:1,(anonymous_3)
FNDA:1,(anonymous_4)
FNDA:1,(anonymous_5)
FNDA:3,(anonymous_6)
FNDA:4,(anonymous_7)
DA:1,1
DA:2,1
DA:3,1
DA:4,1
DA:5,1
DA:6,1
DA:7,1
DA:8,1
DA:9,1
DA:10,1
DA:12,1
DA:13,1
DA:14,1
DA:16,1
DA:17,2
DA:19,2
DA:20,2
DA:22,2
DA:23,1
DA:29,1
DA:32,1
DA:38,1
DA:40,0
DA:41,0
DA:45,1
DA:46,2
DA:48,2
DA:49,2
DA:54,2
DA:55,1
DA:61,1
DA:64,1
DA:70,1
DA:72,0
DA:73,0
DA:77,1
DA:78,2
DA:80,2
DA:81,2
DA:83,2
DA:84,1
DA:90,1
DA:93,1
DA:99,1
DA:101,0
DA:102,0
DA:106,1
DA:107,1
DA:108,1
DA:110,1
DA:111,1
DA:112,1
DA:113,1
DA:122,1
DA:127,1
DA:128,1
DA:129,1
DA:130,2
DA:140,1
DA:141,1
DA:142,2
DA:149,2
DA:152,1
DA:153,1
DA:155,1
DA:160,1
DA:163,0
DA:164,0
DA:168,1
DA:169,1
DA:170,1
DA:171,1
DA:173,1
DA:174,1
DA:185,1
DA:186,1
DA:187,1
DA:188,3
DA:189,1
DA:197,2
DA:198,1
DA:208,1
DA:221,1
DA:222,2
DA:234,1
DA:235,1
DA:236,2
DA:243,2
DA:246,1
DA:247,1
DA:249,1
DA:255,1
DA:257,0
DA:258,0
DA:262,1
DA:263,1
DA:264,1
DA:265,1
DA:266,1
DA:268,1
DA:273,1
DA:275,0
DA:276,0
DA:280,1
DA:281,3
DA:282,3
DA:287,3
DA:292,3
DA:294,0
DA:295,0
DA:299,1
DA:300,4
DA:301,4
DA:303,4
DA:308,4
DA:310,0
DA:311,0
LF:117
LH:101
BRDA:12,0,0,1
BRDA:12,0,1,1
BRDA:22,1,0,1
BRDA:22,1,1,1
BRDA:54,2,0,1
BRDA:54,2,1,1
BRDA:83,3,0,1
BRDA:83,3,1,1
BRDA:112,4,0,1
BRDA:112,4,1,0
BRDA:152,5,0,1
BRDA:152,5,1,0
BRDA:153,6,0,1
BRDA:153,6,1,0
BRDA:188,7,0,1
BRDA:188,7,1,2
BRDA:197,8,0,1
BRDA:197,8,1,1
BRDA:246,9,0,1
BRDA:246,9,1,0
BRDA:247,10,0,1
BRDA:247,10,1,0
BRF:22
BRH:17
end_of_record
TN:
SF:db\db.config.js
FNF:0
FNH:0
DA:1,1
DA:3,1
DA:10,1
LF:3
LH:3
BRF:0
BRH:0
end_of_record
TN:
SF:models\receipt.model.js
FN:17,(anonymous_0)
FN:22,(anonymous_1)
FN:27,(anonymous_2)
FN:32,(anonymous_3)
FNF:4
FNH:4
FNDA:4,(anonymous_0)
FNDA:2,(anonymous_1)
FNDA:4,(anonymous_2)
FNDA:1,(anonymous_3)
DA:1,1
DA:2,1
DA:3,1
DA:5,1
DA:6,1
DA:7,1
DA:8,1
DA:16,1
DA:18,4
DA:19,4
DA:23,2
DA:24,2
DA:28,4
DA:29,4
DA:33,1
DA:34,1
LF:16
LH:16
BRF:0
BRH:0
end_of_record
TN:
SF:models\reimbursement.model.js
FN:12,(anonymous_0)
FN:33,(anonymous_1)
FN:38,(anonymous_2)
FN:43,(anonymous_3)
FN:66,(anonymous_4)
FNF:5
FNH:5
FNDA:1,(anonymous_0)
FNDA:2,(anonymous_1)
FNDA:1,(anonymous_2)
FNDA:1,(anonymous_3)
FNDA:1,(anonymous_4)
DA:1,1
DA:2,1
DA:3,1
DA:5,1
DA:6,1
DA:7,1
DA:8,1
DA:9,1
DA:11,1
DA:21,1
DA:22,1
DA:34,2
DA:35,2
DA:39,1
DA:40,1
DA:53,1
DA:54,1
DA:67,1
DA:68,1
LF:19
LH:19
BRF:0
BRH:0
end_of_record
TN:
SF:models\reimbursementitem.model.js
FN:18,(anonymous_0)
FN:23,(anonymous_1)
FN:28,(anonymous_2)
FN:33,(anonymous_3)
FN:38,(anonymous_4)
FNF:5
FNH:5
FNDA:3,(anonymous_0)
FNDA:2,(anonymous_1)
FNDA:1,(anonymous_2)
FNDA:3,(anonymous_3)
FNDA:1,(anonymous_4)
DA:1,1
DA:2,1
DA:3,1
DA:5,1
DA:6,1
DA:7,1
DA:8,1
DA:9,1
DA:17,1
DA:19,3
DA:20,3
DA:24,2
DA:25,2
DA:29,1
DA:30,1
DA:34,3
DA:35,3
DA:39,1
DA:40,1
LF:19
LH:19
BRF:0
BRH:0
end_of_record
TN:
SF:models\user.model.js
FN:9,(anonymous_0)
FN:14,(anonymous_1)
FNF:2
FNH:2
FNDA:16,(anonymous_0)
FNDA:1,(anonymous_1)
DA:1,1
DA:2,1
DA:3,1
DA:5,1
DA:6,1
DA:8,1
DA:10,16
DA:11,16
DA:15,1
DA:16,1
LF:10
LH:10
BRF:0
BRH:0
end_of_record
TN:
SF:routes\reimbursement.route.js
FNF:0
FNH:0
DA:1,1
DA:2,1
DA:4,1
DA:5,1
DA:7,1
DA:9,1
DA:14,1
DA:16,1
DA:22,1
DA:28,1
DA:30,1
DA:35,1
DA:40,1
LF:13
LH:13
BRF:0
BRH:0
end_of_record
