TN:
SF:app.js
FN:24,(anonymous_0)
FN:44,(anonymous_1)
FNF:2
FNH:2
FNDA:18,(anonymous_0)
FNDA:1,(anonymous_1)
DA:7,1
DA:10,1
DA:11,1
DA:14,1
DA:15,1
DA:16,1
DA:19,1
DA:20,1
DA:21,1
DA:24,1
DA:25,18
DA:28,1
DA:32,1
DA:33,1
DA:34,1
DA:35,1
DA:36,1
DA:38,1
DA:44,1
DA:45,1
DA:48,1
LF:21
LH:21
BRDA:7,0,0,1
BRDA:7,0,1,1
BRF:2
BRH:2
end_of_record
TN:
SF:multer-config.js
FN:6,(anonymous_0)
FN:17,(anonymous_1)
FNF:2
FNH:2
FNDA:4,(anonymous_0)
FNDA:4,(anonymous_1)
DA:1,1
DA:2,1
DA:3,1
DA:6,1
DA:7,4
DA:8,4
DA:10,0
DA:15,1
DA:18,4
DA:26,1
DA:34,1
LF:11
LH:10
BRDA:7,0,0,4
BRDA:7,0,1,0
BRF:2
BRH:1
end_of_record
TN:
SF:passport-config.js
FN:7,(anonymous_0)
FN:11,(anonymous_1)
FN:21,(anonymous_2)
FNF:3
FNH:3
FNDA:6,(anonymous_0)
FNDA:1,(anonymous_1)
FNDA:18,(anonymous_2)
DA:1,1
DA:2,1
DA:4,1
DA:7,1
DA:8,6
DA:11,1
DA:13,1
DA:19,1
DA:22,18
DA:24,18
DA:25,18
DA:26,18
DA:27,18
LF:13
LH:13
BRF:0
BRH:0
end_of_record
TN:
SF:controllers\reimbursements.controller.js
FN:21,(anonymous_0)
FN:56,(anonymous_1)
FN:75,(anonymous_2)
FN:94,(anonymous_3)
FN:113,(anonymous_4)
FN:180,(anonymous_5)
FN:289,(anonymous_6)
FN:339,(anonymous_7)
FN:360,(anonymous_8)
FN:375,(anonymous_9)
FNF:10
FNH:10
FNDA:4,(anonymous_0)
FNDA:1,(anonymous_1)
FNDA:1,(anonymous_2)
FNDA:1,(anonymous_3)
FNDA:1,(anonymous_4)
FNDA:1,(anonymous_5)
FNDA:3,(anonymous_6)
FNDA:1,(anonymous_7)
FNDA:2,(anonymous_8)
FNDA:3,(anonymous_9)
DA:1,1
DA:2,1
DA:3,1
DA:4,1
DA:5,1
DA:6,1
DA:7,1
DA:8,1
DA:9,1
DA:10,1
DA:11,1
DA:13,1
DA:14,1
DA:15,1
DA:16,1
DA:17,1
DA:21,1
DA:22,4
DA:23,4
DA:25,4
DA:26,4
DA:28,1
DA:29,3
DA:31,1
DA:32,2
DA:34,1
DA:37,1
DA:43,3
DA:47,3
DA:56,1
DA:57,1
DA:59,1
DA:62,1
DA:66,1
DA:75,1
DA:76,1
DA:78,1
DA:81,1
DA:85,1
DA:94,1
DA:95,1
DA:97,1
DA:100,1
DA:104,1
DA:113,1
DA:114,1
DA:115,1
DA:117,1
DA:119,1
DA:122,1
DA:133,1
DA:134,1
DA:137,1
DA:138,2
DA:149,1
DA:152,1
DA:153,2
DA:163,2
DA:167,1
DA:168,1
DA:171,1
DA:180,1
DA:181,1
DA:182,1
DA:183,1
DA:185,1
DA:187,1
DA:188,1
DA:191,1
DA:204,1
DA:205,3
DA:207,1
DA:215,2
DA:217,1
DA:229,1
DA:243,1
DA:245,2
DA:258,1
DA:261,1
DA:262,2
DA:272,2
DA:276,1
DA:277,1
DA:280,1
DA:289,1
DA:290,3
DA:291,3
DA:293,1
DA:294,1
DA:303,2
DA:305,1
DA:306,1
DA:315,1
DA:317,1
DA:318,1
DA:330,3
DA:339,1
DA:340,1
DA:342,1
DA:345,1
DA:348,1
DA:351,1
DA:360,1
DA:361,2
DA:363,2
DA:366,2
DA:375,1
DA:376,3
DA:378,3
DA:381,3
LF:110
LH:110
BRDA:13,0,0,1
BRDA:13,0,1,1
BRDA:26,1,0,1
BRDA:26,1,1,3
BRDA:29,2,0,1
BRDA:29,2,1,2
BRDA:29,3,0,3
BRDA:29,3,1,2
BRDA:32,4,0,1
BRDA:32,4,1,1
BRDA:32,5,0,2
BRDA:32,5,1,1
BRDA:167,6,0,1
BRDA:167,6,1,0
BRDA:168,7,0,1
BRDA:168,7,1,0
BRDA:205,8,0,1
BRDA:205,8,1,2
BRDA:215,9,0,1
BRDA:215,9,1,1
BRDA:276,10,0,1
BRDA:276,10,1,0
BRDA:277,11,0,1
BRDA:277,11,1,0
BRDA:291,12,0,1
BRDA:291,12,1,2
BRDA:303,13,0,1
BRDA:303,13,1,1
BRDA:315,14,0,1
BRDA:315,14,1,0
BRF:30
BRH:25
end_of_record
TN:
SF:db\db.config.js
FNF:0
FNH:0
DA:1,1
DA:3,1
DA:10,1
LF:3
LH:3
BRF:0
BRH:0
end_of_record
TN:
SF:models\category.model.js
FN:10,(anonymous_0)
FNF:1
FNH:1
FNDA:1,(anonymous_0)
DA:1,1
DA:2,1
DA:3,1
DA:5,1
DA:7,1
DA:9,1
DA:11,1
DA:12,1
LF:8
LH:8
BRF:0
BRH:0
end_of_record
TN:
SF:models\item.model.js
FN:14,(anonymous_0)
FN:19,(anonymous_1)
FN:24,(anonymous_2)
FN:29,(anonymous_3)
FN:34,(anonymous_4)
FNF:5
FNH:5
FNDA:3,(anonymous_0)
FNDA:1,(anonymous_1)
FNDA:1,(anonymous_2)
FNDA:2,(anonymous_3)
FNDA:1,(anonymous_4)
DA:1,1
DA:2,1
DA:3,1
DA:5,1
DA:7,1
DA:8,1
DA:9,1
DA:10,1
DA:11,1
DA:13,1
DA:15,3
DA:16,3
DA:20,1
DA:21,1
DA:25,1
DA:26,1
DA:30,2
DA:31,2
DA:35,1
DA:36,1
LF:20
LH:20
BRF:0
BRH:0
end_of_record
TN:
SF:models\receipt.model.js
FN:13,(anonymous_0)
FN:18,(anonymous_1)
FN:23,(anonymous_2)
FN:28,(anonymous_3)
FNF:4
FNH:4
FNDA:4,(anonymous_0)
FNDA:1,(anonymous_1)
FNDA:3,(anonymous_2)
FNDA:1,(anonymous_3)
DA:1,1
DA:2,1
DA:3,1
DA:5,1
DA:7,1
DA:8,1
DA:9,1
DA:10,1
DA:12,1
DA:14,4
DA:15,4
DA:19,1
DA:20,1
DA:24,3
DA:25,3
DA:29,1
DA:30,1
LF:17
LH:17
BRF:0
BRH:0
end_of_record
TN:
SF:models\reimbursement.model.js
FN:18,(anonymous_0)
FN:39,(anonymous_1)
FN:44,(anonymous_2)
FN:49,(anonymous_3)
FN:54,(anonymous_4)
FN:75,(anonymous_5)
FN:80,(anonymous_6)
FN:85,(anonymous_7)
FN:90,(anonymous_8)
FNF:9
FNH:9
FNDA:1,(anonymous_0)
FNDA:1,(anonymous_1)
FNDA:1,(anonymous_2)
FNDA:1,(anonymous_3)
FNDA:1,(anonymous_4)
FNDA:1,(anonymous_5)
FNDA:1,(anonymous_6)
FNDA:1,(anonymous_7)
FNDA:1,(anonymous_8)
DA:1,1
DA:2,1
DA:3,1
DA:5,1
DA:7,1
DA:8,1
DA:9,1
DA:10,1
DA:11,1
DA:12,1
DA:13,1
DA:14,1
DA:15,1
DA:17,1
DA:27,1
DA:28,1
DA:40,1
DA:41,1
DA:45,1
DA:46,1
DA:50,1
DA:51,1
DA:63,1
DA:64,1
DA:76,1
DA:77,1
DA:81,1
DA:82,1
DA:86,1
DA:87,1
DA:91,1
DA:92,1
LF:32
LH:32
BRF:0
BRH:0
end_of_record
TN:
SF:models\user.model.js
FN:11,(anonymous_0)
FN:16,(anonymous_1)
FNF:2
FNH:2
FNDA:18,(anonymous_0)
FNDA:1,(anonymous_1)
DA:1,1
DA:2,1
DA:3,1
DA:5,1
DA:7,1
DA:8,1
DA:10,1
DA:12,18
DA:13,18
DA:17,1
DA:18,1
LF:11
LH:11
BRF:0
BRH:0
end_of_record
TN:
SF:routes\reimbursements.route.js
FNF:0
FNH:0
DA:1,1
DA:2,1
DA:4,1
DA:5,1
DA:7,1
DA:9,1
DA:11,1
DA:13,1
DA:15,1
DA:21,1
DA:27,1
DA:32,1
DA:34,1
DA:39,1
DA:44,1
LF:15
LH:15
BRF:0
BRH:0
end_of_record
