TN:
SF:login.js
FN:29,(anonymous_0)
FN:32,(anonymous_1)
FN:35,(anonymous_2)
FN:47,(anonymous_3)
FNF:4
FNH:4
FNDA:2,(anonymous_0)
FNDA:3,(anonymous_1)
FNDA:2,(anonymous_2)
FNDA:1,(anonymous_3)
DA:1,1
DA:2,1
DA:6,1
DA:7,1
DA:10,1
DA:11,1
DA:14,1
DA:15,1
DA:18,1
DA:19,1
DA:22,1
DA:23,1
DA:24,1
DA:27,1
DA:30,2
DA:33,3
DA:36,2
DA:40,1
DA:41,1
DA:42,1
DA:43,1
DA:45,1
DA:47,1
DA:48,1
DA:51,1
DA:52,1
DA:53,1
LF:27
LH:27
BRDA:1,0,0,1
BRDA:1,0,1,0
BRDA:6,1,0,1
BRDA:6,1,1,1
BRDA:7,2,0,1
BRDA:7,2,1,1
BRF:6
BRH:5
end_of_record
TN:
SF:passport-config.js
FN:8,initialize
FN:9,(anonymous_1)
FN:42,(anonymous_2)
FN:43,(anonymous_3)
FN:56,issueJwt
FNF:5
FNH:3
FNDA:1,initialize
FNDA:7,(anonymous_1)
FNDA:0,(anonymous_2)
FNDA:0,(anonymous_3)
FNDA:3,issueJwt
DA:1,1
DA:2,1
DA:3,1
DA:4,1
DA:5,1
DA:6,1
DA:9,1
DA:10,7
DA:11,7
DA:14,7
DA:15,2
DA:16,2
DA:17,5
DA:18,2
DA:19,2
DA:21,3
DA:22,3
DA:25,7
DA:26,4
DA:29,3
DA:30,3
DA:31,3
DA:32,3
DA:34,0
DA:37,0
DA:41,1
DA:42,1
DA:43,1
DA:44,0
DA:47,1
DA:53,1
DA:57,3
DA:58,3
DA:59,3
DA:64,3
DA:69,3
DA:75,1
LF:37
LH:34
BRDA:14,0,0,2
BRDA:14,0,1,5
BRDA:17,1,0,2
BRDA:17,1,1,3
BRDA:25,2,0,4
BRDA:25,2,1,3
BRDA:30,3,0,3
BRDA:30,3,1,0
BRF:8
BRH:7
end_of_record
TN:
SF:controllers\login.controller.js
FN:3,(anonymous_0)
FN:10,(anonymous_1)
FN:11,(anonymous_2)
FNF:3
FNH:3
FNDA:1,(anonymous_0)
FNDA:7,(anonymous_1)
FNDA:7,(anonymous_2)
DA:1,1
DA:3,1
DA:4,1
DA:7,1
DA:10,1
DA:11,7
DA:12,7
DA:17,7
DA:18,0
DA:20,7
DA:21,3
DA:23,4
LF:12
LH:11
BRDA:17,0,0,0
BRDA:17,0,1,7
BRDA:20,1,0,3
BRDA:20,1,1,4
BRF:4
BRH:3
end_of_record
TN:
SF:db\db.config.js
FNF:0
FNH:0
DA:1,1
DA:3,1
DA:10,1
LF:3
LH:3
BRF:0
BRH:0
end_of_record
TN:
SF:models\user.model.js
FN:10,cache
FN:17,(anonymous_1)
FN:32,(anonymous_2)
FN:47,(anonymous_3)
FNF:4
FNH:4
FNDA:7,cache
FNDA:2,(anonymous_1)
FNDA:3,(anonymous_2)
FNDA:2,(anonymous_3)
DA:1,1
DA:2,1
DA:3,1
DA:4,1
DA:6,1
DA:7,1
DA:8,1
DA:11,7
DA:12,7
DA:13,7
DA:16,1
DA:18,2
DA:19,2
DA:20,2
DA:21,0
DA:24,2
DA:27,2
DA:29,2
DA:33,3
DA:34,3
DA:35,3
DA:36,0
DA:39,3
DA:42,3
DA:44,3
DA:48,2
DA:49,2
DA:50,2
DA:51,0
DA:54,2
DA:57,2
DA:59,2
LF:32
LH:29
BRDA:12,0,0,0
BRDA:12,0,1,7
BRDA:20,1,0,0
BRDA:20,1,1,2
BRDA:35,2,0,0
BRDA:35,2,1,3
BRDA:50,3,0,0
BRDA:50,3,1,2
BRF:8
BRH:4
end_of_record
TN:
SF:routes\login.route.js
FNF:0
FNH:0
DA:1,1
DA:2,1
DA:4,1
DA:6,1
DA:8,1
DA:10,1
LF:6
LH:6
BRF:0
BRH:0
end_of_record
