TN:
SF:app.js
FN:26,(anonymous_0)
FN:29,(anonymous_1)
FN:32,(anonymous_2)
FN:49,(anonymous_3)
FNF:4
FNH:4
FNDA:3,(anonymous_0)
FNDA:4,(anonymous_1)
FNDA:3,(anonymous_2)
FNDA:1,(anonymous_3)
DA:7,1
DA:10,1
DA:11,1
DA:14,1
DA:15,1
DA:16,1
DA:19,1
DA:20,1
DA:21,1
DA:24,1
DA:27,3
DA:30,4
DA:33,3
DA:37,1
DA:41,1
DA:42,1
DA:43,1
DA:44,1
DA:45,1
DA:47,1
DA:49,1
DA:50,1
DA:53,1
DA:54,1
LF:24
LH:24
BRDA:7,0,0,1
BRDA:7,0,1,1
BRF:2
BRH:2
end_of_record
TN:
SF:passport-config.js
FN:6,(anonymous_0)
FN:7,(anonymous_1)
FN:42,(anonymous_2)
FN:45,(anonymous_3)
FNF:4
FNH:3
FNDA:1,(anonymous_0)
FNDA:10,(anonymous_1)
FNDA:0,(anonymous_2)
FNDA:3,(anonymous_3)
DA:1,1
DA:2,1
DA:3,1
DA:4,1
DA:6,1
DA:7,1
DA:8,10
DA:9,10
DA:10,10
DA:11,10
DA:14,10
DA:15,3
DA:16,3
DA:17,7
DA:18,3
DA:19,3
DA:21,4
DA:22,4
DA:25,10
DA:26,4
DA:29,6
DA:30,3
DA:31,3
DA:33,3
DA:41,1
DA:42,1
DA:45,1
DA:46,3
DA:47,3
DA:48,3
DA:49,3
DA:50,3
DA:55,3
DA:60,3
LF:34
LH:34
BRDA:14,0,0,3
BRDA:14,0,1,7
BRDA:17,1,0,3
BRDA:17,1,1,4
BRDA:17,2,0,7
BRDA:17,2,1,4
BRDA:25,3,0,4
BRDA:25,3,1,6
BRDA:29,4,0,3
BRDA:29,4,1,3
BRF:10
BRH:10
end_of_record
TN:
SF:controllers\login.controller.js
FN:3,(anonymous_0)
FN:5,(anonymous_1)
FNF:2
FNH:2
FNDA:10,(anonymous_0)
FNDA:10,(anonymous_1)
DA:1,1
DA:3,1
DA:4,10
DA:5,10
DA:6,10
DA:12,10
DA:13,3
DA:14,3
DA:15,3
DA:17,7
LF:10
LH:10
BRDA:12,0,0,3
BRDA:12,0,1,7
BRF:2
BRH:2
end_of_record
TN:
SF:db\db.config.js
FNF:0
FNH:0
DA:1,1
DA:3,1
DA:10,1
LF:3
LH:3
BRF:0
BRH:0
end_of_record
TN:
SF:models\user.model.js
FN:10,(anonymous_0)
FN:15,(anonymous_1)
FN:20,(anonymous_2)
FNF:3
FNH:3
FNDA:3,(anonymous_0)
FNDA:4,(anonymous_1)
FNDA:3,(anonymous_2)
DA:1,1
DA:2,1
DA:3,1
DA:5,1
DA:6,1
DA:7,1
DA:9,1
DA:11,3
DA:12,3
DA:16,4
DA:17,4
DA:21,3
DA:22,3
LF:13
LH:13
BRF:0
BRH:0
end_of_record
TN:
SF:routes\login.route.js
FNF:0
FNH:0
DA:1,1
DA:2,1
DA:4,1
DA:6,1
DA:8,1
LF:5
LH:5
BRF:0
BRH:0
end_of_record
